<?xml version="1.0" encoding="UTF-8"?>
<!-- Generated by org.testng.reporters.JUnitReportReporter -->
<testsuite hostname="SIMPLEBUDDY" failures="0" tests="5" name="testNG.Test5" time="0.091" errors="0" timestamp="2022-10-28T17:20:01 IST" skipped="0">
  <testcase classname="testNG.Test5" name="calls" time="0.054"/>
  <system-out>
    <![CDATA[calls]]>
  </system-out>
  <testcase classname="testNG.Test5" name="chats" time="0.013"/>
  <system-out>
    <![CDATA[chats]]>
  </system-out>
  <testcase classname="testNG.Test5" name="chats" time="0.007"/>
  <system-out>
    <![CDATA[chats]]>
  </system-out>
  <testcase classname="testNG.Test5" name="bhadmejao" time="0.008"/>
  <system-out>
    <![CDATA[bhad me jao]]>
  </system-out>
  <testcase classname="testNG.Test5" name="chats" time="0.009"/>
  <system-out>
    <![CDATA[chats]]>
  </system-out>
</testsuite> <!-- testNG.Test5 -->
