<?xml version="1.0" encoding="UTF-8"?>
<!-- Generated by org.testng.reporters.JUnitReportReporter -->
<testsuite hostname="SIMPLEBUDDY" failures="0" tests="3" name="testNG.Test2" time="0.026" errors="0" timestamp="2022-11-08T10:46:05 IST" skipped="0">
  <testcase classname="testNG.Test2" name="bhadmejao" time="0.019"/>
  <system-out>
    <![CDATA[bhad me jao]]>
  </system-out>
  <testcase classname="testNG.Test2" name="calls" time="0.004"/>
  <system-out>
    <![CDATA[calls]]>
  </system-out>
  <testcase classname="testNG.Test2" name="chats" time="0.003"/>
  <system-out>
    <![CDATA[chats]]>
  </system-out>
</testsuite> <!-- testNG.Test2 -->
