<?xml version="1.0" encoding="UTF-8"?>
<!-- Generated by org.testng.reporters.JUnitReportReporter -->
<testsuite hostname="SIMPLEBUDDY" failures="0" tests="1" name="testNG.Test1" time="0.019" errors="0" timestamp="2022-11-08T13:22:22 IST" skipped="0">
  <testcase classname="testNG.Test1" name="demo" time="0.019"/>
  <system-out>
    <![CDATA[Hello java
Hii bhad me jao]]>
  </system-out>
</testsuite> <!-- testNG.Test1 -->
