<?xml version="1.0" encoding="UTF-8"?>
<!-- Generated by org.testng.reporters.JUnitReportReporter -->
<testsuite hostname="SIMPLEBUDDY" failures="0" tests="1" name="testNG.Test6" time="0.020" errors="0" timestamp="2022-11-05T09:31:54 IST" skipped="0">
  <testcase classname="testNG.Test6" name="demo" time="0.020"/>
  <system-out>
    <![CDATA[Hekki]]>
  </system-out>
</testsuite> <!-- testNG.Test6 -->
