<?xml version="1.0" encoding="UTF-8"?>
<!-- Generated by org.testng.reporters.JUnitReportReporter -->
<testsuite hostname="SIMPLEBUDDY" failures="0" tests="3" name="testNG.Test3" time="0.080" errors="0" timestamp="2022-10-28T17:06:27 IST" skipped="0">
  <testcase classname="testNG.Test3" name="calls" time="0.056"/>
  <system-out>
    <![CDATA[calls]]>
  </system-out>
  <testcase classname="testNG.Test3" name="bhadmejao" time="0.011"/>
  <system-out>
    <![CDATA[bhad me jao]]>
  </system-out>
  <testcase classname="testNG.Test3" name="chats" time="0.013"/>
  <system-out>
    <![CDATA[chats]]>
  </system-out>
</testsuite> <!-- testNG.Test3 -->
