<?xml version="1.0" encoding="UTF-8"?>
<!-- Generated by org.testng.reporters.JUnitReportReporter -->
<testsuite hostname="SIMPLEBUDDY" failures="0" tests="5" name="testNG.Test4" time="0.096" errors="0" timestamp="2022-10-28T17:14:16 IST" skipped="0">
  <testcase classname="testNG.Test4" name="calls" time="0.032"/>
  <system-out>
    <![CDATA[calls]]>
  </system-out>
  <testcase classname="testNG.Test4" name="chats" time="0.012"/>
  <system-out>
    <![CDATA[chats]]>
  </system-out>
  <testcase classname="testNG.Test4" name="bhadmejao" time="0.025"/>
  <system-out>
    <![CDATA[bhad me jao]]>
  </system-out>
  <testcase classname="testNG.Test4" name="chats" time="0.016"/>
  <system-out>
    <![CDATA[chats]]>
  </system-out>
  <testcase classname="testNG.Test4" name="chats" time="0.011"/>
  <system-out>
    <![CDATA[chats]]>
  </system-out>
</testsuite> <!-- testNG.Test4 -->
